<?xml version="1.0" encoding="UTF-8"?>
<!-- Generated by org.testng.reporters.JUnitXMLReporter -->
<testsuite ignored="0" hostname="DESKTOP-NUJHNC9" failures="0" tests="3" name="Default test" time="32.66" errors="0" timestamp="2025-06-05T00:33:10 IST">
  <testcase classname="logintest.InventoryTest" name="countProd" time="0.032"/>
  <testcase classname="logintest.InventoryTest" name="addClick" time="0.132"/>
  <testcase classname="logintest.InventoryTest" name="remClick" time="0.114"/>
</testsuite> <!-- Default test -->
