<?xml version="1.0" encoding="UTF-8"?>
<testng-results ignored="0" total="3" passed="3" failed="0" skipped="0">
  <reporter-output>
  </reporter-output>
  <suite started-at="2025-06-05T00:32:37 IST" name="Default suite" finished-at="2025-06-05T00:33:10 IST" duration-ms="32660">
    <groups>
    </groups>
    <test started-at="2025-06-05T00:32:37 IST" name="Default test" finished-at="2025-06-05T00:33:10 IST" duration-ms="32660">
      <class name="logintest.InventoryTest">
        <test-method is-config="true" signature="driverSetup()[pri:0, instance:logintest.InventoryTest@1fa121e2]" started-at="2025-06-05T00:32:38 IST" name="driverSetup" finished-at="2025-06-05T00:32:39 IST" duration-ms="1044" status="PASS">
          <reporter-output>
          </reporter-output>
        </test-method> <!-- driverSetup -->
        <test-method is-config="true" signature="setUpInv()[pri:0, instance:logintest.InventoryTest@1fa121e2]" started-at="2025-06-05T00:32:39 IST" name="setUpInv" finished-at="2025-06-05T00:32:49 IST" duration-ms="10590" status="PASS">
          <reporter-output>
          </reporter-output>
        </test-method> <!-- setUpInv -->
        <test-method signature="countProd()[pri:1, instance:logintest.InventoryTest@1fa121e2]" started-at="2025-06-05T00:32:49 IST" name="countProd" description="Test case for count of products" finished-at="2025-06-05T00:32:49 IST" duration-ms="32" status="PASS">
          <reporter-output>
          </reporter-output>
        </test-method> <!-- countProd -->
        <test-method is-config="true" signature="setUpInv()[pri:0, instance:logintest.InventoryTest@1fa121e2]" started-at="2025-06-05T00:32:49 IST" name="setUpInv" finished-at="2025-06-05T00:32:59 IST" duration-ms="10290" status="PASS">
          <reporter-output>
          </reporter-output>
        </test-method> <!-- setUpInv -->
        <test-method signature="addClick()[pri:2, instance:logintest.InventoryTest@1fa121e2]" started-at="2025-06-05T00:32:59 IST" name="addClick" description="Test case for remove button verification" finished-at="2025-06-05T00:33:00 IST" duration-ms="132" status="PASS">
          <reporter-output>
          </reporter-output>
        </test-method> <!-- addClick -->
        <test-method is-config="true" signature="setUpInv()[pri:0, instance:logintest.InventoryTest@1fa121e2]" started-at="2025-06-05T00:33:00 IST" name="setUpInv" finished-at="2025-06-05T00:33:10 IST" duration-ms="10225" status="PASS">
          <reporter-output>
          </reporter-output>
        </test-method> <!-- setUpInv -->
        <test-method signature="remClick()[pri:3, instance:logintest.InventoryTest@1fa121e2]" started-at="2025-06-05T00:33:10 IST" name="remClick" description="Test case for add to cart button verification" finished-at="2025-06-05T00:33:10 IST" duration-ms="114" status="PASS">
          <reporter-output>
          </reporter-output>
        </test-method> <!-- remClick -->
        <test-method is-config="true" signature="driverClose()[pri:0, instance:logintest.InventoryTest@1fa121e2]" started-at="2025-06-05T00:33:10 IST" name="driverClose" finished-at="2025-06-05T00:33:10 IST" duration-ms="189" status="PASS">
          <reporter-output>
          </reporter-output>
        </test-method> <!-- driverClose -->
      </class> <!-- logintest.InventoryTest -->
    </test> <!-- Default test -->
  </suite> <!-- Default suite -->
</testng-results>
